{"time":1557506852,"message":"Max php script time set: 1557507602"}
{"time":1557506852,"message":"Start trying sync categories."}
{"time":1557506852,"message":"Successfully created WP Category. ID =>807"}
{"time":1557506852,"message":"Successfully created WP Category. ID =>808"}
{"time":1557506852,"message":"Successfully created WP Category. ID =>809"}
{"time":1557506852,"message":"Successfully created WP Category. ID =>810"}
{"time":1557506852,"message":"Successfully created WP Category. ID =>811"}
{"time":1557506852,"message":"Successfully created WP Category. ID =>812"}
{"time":1557506852,"message":"Successfully created WP Category. ID =>813"}
{"time":1557506852,"message":"Successfully created WP Category. ID =>814"}
{"time":1557506852,"message":"Successfully created WP Category. ID =>815"}
{"time":1557506852,"message":"Successfully created WP Category. ID =>816"}
{"time":1557506852,"message":"Successfully created WP Category. ID =>817"}
{"time":1557506852,"message":"Successfully created WP Category. ID =>818"}
{"time":1557506852,"message":"Successfully created WP Category. ID =>819"}
{"time":1557506852,"message":"Successfully created WP Category. ID =>820"}
{"time":1557506852,"message":"Successfully created WP Category. ID =>821"}
{"time":1557506852,"message":"Successfully created WP Category. ID =>822"}
{"time":1557506852,"message":"Successfully created WP Category. ID =>823"}
{"time":1557506852,"message":"Successfully created WP Category. ID =>824"}
{"time":1557506852,"message":"Successfully created WP Category. ID =>825"}
{"time":1557506852,"message":"Successfully created WP Category. ID =>826"}
{"time":1557506853,"message":"Successfully created WP Category. ID =>827"}
{"time":1557506853,"message":"Successfully created WP Category. ID =>828"}
{"time":1557506853,"message":"Successfully created WP Category. ID =>829"}
{"time":1557506853,"message":"Successfully created WP Category. ID =>830"}
{"time":1557506853,"message":"Successfully created WP Category. ID =>831"}
{"time":1557506853,"message":"Successfully created WP Category. ID =>832"}
{"time":1557506853,"message":"Successfully created WP Category. ID =>833"}
{"time":1557506853,"message":"Successfully created WP Category. ID =>834"}
{"time":1557506853,"message":"Successfully created WP Category. ID =>835"}
{"time":1557506853,"message":"Successfully created WP Category. ID =>836"}
{"time":1557506853,"message":"Successfully created WP Category. ID =>837"}
{"time":1557506853,"message":"Successfully created WP Category. ID =>838"}
{"time":1557506853,"message":"Successfully created WP Category. ID =>839"}
{"time":1557506853,"message":"Successfully created WP Category. ID =>840"}
{"time":1557506853,"message":"Successfully created WP Category. ID =>841"}
{"time":1557506853,"message":"Successfully created WP Category. ID =>842"}
{"time":1557506853,"message":"Successfully created WP Category. ID =>843"}
{"time":1557506853,"message":"Successfully created WP Category. ID =>844"}
{"time":1557506853,"message":"Successfully created WP Category. ID =>845"}
{"time":1557506853,"message":"Successfully created WP Category. ID =>846"}
{"time":1557506853,"message":"Successfully created WP Category. ID =>847"}
{"time":1557506853,"message":"Successfully created WP Category. ID =>848"}
{"time":1557506853,"message":"Successfully created WP Category. ID =>849"}
{"time":1557506853,"message":"Successfully created WP Category. ID =>850"}
{"time":1557506853,"message":"Successfully created WP Category. ID =>851"}
{"time":1557506853,"message":"Successfully created WP Category. ID =>852"}
{"time":1557506853,"message":"Successfully created WP Category. ID =>853"}
{"time":1557506853,"message":"Successfully created WP Category. ID =>854"}
{"time":1557506853,"message":"Successfully created WP Category. ID =>855"}
{"time":1557506853,"message":"Successfully created WP Category. ID =>856"}
{"time":1557506853,"message":"Successfully created WP Category. ID =>857"}
{"time":1557506853,"message":"Successfully created WP Category. ID =>858"}
{"time":1557506853,"message":"Start trying sync products."}
{"time":1557506853,"message":"Found paginate products. Link set: https:\/\/api.ebizplatform.com\/products?$skip=100"}
{"time":1557506853,"message":"Found paginate products. Link set: https:\/\/api.ebizplatform.com\/products?$skip=200"}
{"time":1557506854,"message":"Found paginate products. Link set: https:\/\/api.ebizplatform.com\/products?$skip=300"}
{"time":1557506854,"message":"Found paginate products. Link set: https:\/\/api.ebizplatform.com\/products?$skip=400"}
{"time":1557506854,"message":"Found paginate products. Link set: https:\/\/api.ebizplatform.com\/products?$skip=500"}
{"time":1557506854,"message":"Found paginate products. Link set: https:\/\/api.ebizplatform.com\/products?$skip=600"}
{"time":1557506854,"message":"Found paginate products. Link set: https:\/\/api.ebizplatform.com\/products?$skip=700"}
{"time":1557506854,"message":"Found paginate products. Link set: https:\/\/api.ebizplatform.com\/products?$skip=800"}
{"time":1557506854,"message":"Found paginate products. Link set: https:\/\/api.ebizplatform.com\/products?$skip=900"}
{"time":1557506854,"message":"Found paginate products. Link set: https:\/\/api.ebizplatform.com\/products?$skip=1000"}
{"time":1557506854,"message":"Successfully created WP Post. ID =>2745"}
{"time":1557506855,"message":"Successfully created WP Post. ID =>2746"}
{"time":1557506856,"message":"Successfully created WP Post. ID =>2747"}
{"time":1557506857,"message":"Successfully created WP Post. ID =>2748"}
{"time":1557506858,"message":"Successfully created WP Post. ID =>2749"}
{"time":1557506859,"message":"Successfully created WP Post. ID =>2750"}
{"time":1557506859,"message":"Successfully created WP Post. ID =>2751"}
{"time":1557506860,"message":"Successfully created WP Post. ID =>2752"}
{"time":1557506861,"message":"Successfully created WP Post. ID =>2753"}
{"time":1557506862,"message":"Successfully created WP Post. ID =>2754"}
{"time":1557506865,"message":"Successfully created WP Post. ID =>2755"}
{"time":1557506866,"message":"Successfully created WP Post. ID =>2756"}
{"time":1557506867,"message":"Successfully created WP Post. ID =>2757"}
{"time":1557506868,"message":"Successfully created WP Post. ID =>2758"}
{"time":1557506869,"message":"Successfully created WP Post. ID =>2759"}
{"time":1557506871,"message":"Successfully created WP Post. ID =>2760"}
{"time":1557506872,"message":"Successfully created WP Post. ID =>2761"}
{"time":1557506873,"message":"Successfully created WP Post. ID =>2762"}
{"time":1557506875,"message":"Successfully created WP Post. ID =>2763"}
{"time":1557506880,"message":"Successfully created WP Post. ID =>2764"}
{"time":1557506883,"message":"Successfully created WP Post. ID =>2765"}
{"time":1557506884,"message":"Successfully created WP Post. ID =>2766"}
{"time":1557506885,"message":"Successfully created WP Post. ID =>2767"}
{"time":1557506886,"message":"Successfully created WP Post. ID =>2768"}
{"time":1557506886,"message":"Successfully created WP Post. ID =>2769"}
{"time":1557506887,"message":"Successfully created WP Post. ID =>2770"}
{"time":1557506888,"message":"Successfully created WP Post. ID =>2771"}
{"time":1557506889,"message":"Successfully created WP Post. ID =>2772"}
{"time":1557506890,"message":"Successfully created WP Post. ID =>2773"}
{"time":1557506891,"message":"Successfully created WP Post. ID =>2774"}
{"time":1557506891,"message":"Successfully created WP Post. ID =>2775"}
{"time":1557506892,"message":"Successfully created WP Post. ID =>2776"}
{"time":1557506893,"message":"Successfully created WP Post. ID =>2777"}
{"time":1557506894,"message":"Successfully created WP Post. ID =>2778"}
{"time":1557506895,"message":"Successfully created WP Post. ID =>2779"}
{"time":1557506896,"message":"Successfully created WP Post. ID =>2780"}
{"time":1557506897,"message":"Successfully created WP Post. ID =>2781"}
{"time":1557506897,"message":"Successfully created WP Post. ID =>2782"}
{"time":1557506898,"message":"Successfully created WP Post. ID =>2783"}
{"time":1557506899,"message":"Successfully created WP Post. ID =>2784"}
{"time":1557506900,"message":"Successfully created WP Post. ID =>2785"}
{"time":1557506901,"message":"Successfully created WP Post. ID =>2786"}
{"time":1557506902,"message":"Successfully created WP Post. ID =>2787"}
{"time":1557506903,"message":"Successfully created WP Post. ID =>2788"}
{"time":1557506904,"message":"Successfully created WP Post. ID =>2789"}
{"time":1557506915,"message":"Successfully created WP Post. ID =>2790"}
{"time":1557506916,"message":"Successfully created WP Post. ID =>2791"}
{"time":1557506916,"message":"Successfully created WP Post. ID =>2792"}
{"time":1557506917,"message":"Successfully created WP Post. ID =>2793"}
{"time":1557506918,"message":"Successfully created WP Post. ID =>2794"}
{"time":1557506919,"message":"Successfully created WP Post. ID =>2795"}
{"time":1557506920,"message":"Successfully created WP Post. ID =>2796"}
{"time":1557506921,"message":"Successfully created WP Post. ID =>2797"}
{"time":1557506921,"message":"Successfully created WP Post. ID =>2798"}
{"time":1557506922,"message":"Successfully created WP Post. ID =>2799"}
{"time":1557506923,"message":"Successfully created WP Post. ID =>2800"}
{"time":1557506929,"message":"Successfully created WP Post. ID =>2801"}
{"time":1557506930,"message":"Successfully created WP Post. ID =>2802"}
{"time":1557506931,"message":"Successfully created WP Post. ID =>2803"}
{"time":1557506932,"message":"Successfully created WP Post. ID =>2804"}
{"time":1557506932,"message":"Successfully created WP Post. ID =>2805"}
{"time":1557506933,"message":"Successfully created WP Post. ID =>2806"}
{"time":1557506934,"message":"Successfully created WP Post. ID =>2807"}
{"time":1557506935,"message":"Successfully created WP Post. ID =>2808"}
{"time":1557506941,"message":"Successfully created WP Post. ID =>2809"}
{"time":1557506946,"message":"Successfully created WP Post. ID =>2810"}
{"time":1557506947,"message":"Successfully created WP Post. ID =>2811"}
{"time":1557506948,"message":"Successfully created WP Post. ID =>2812"}
{"time":1557506949,"message":"Successfully created WP Post. ID =>2813"}
{"time":1557506950,"message":"Successfully created WP Post. ID =>2814"}
{"time":1557506950,"message":"Successfully created WP Post. ID =>2815"}
{"time":1557506951,"message":"Successfully created WP Post. ID =>2816"}
{"time":1557506952,"message":"Successfully created WP Post. ID =>2817"}
{"time":1557506953,"message":"Successfully created WP Post. ID =>2818"}
{"time":1557506953,"message":"Successfully created WP Post. ID =>2819"}
{"time":1557506954,"message":"Successfully created WP Post. ID =>2820"}
{"time":1557506955,"message":"Successfully created WP Post. ID =>2821"}
{"time":1557506956,"message":"Successfully created WP Post. ID =>2822"}
{"time":1557506957,"message":"Successfully created WP Post. ID =>2823"}
{"time":1557506958,"message":"Successfully created WP Post. ID =>2824"}
{"time":1557506958,"message":"Successfully created WP Post. ID =>2825"}
{"time":1557506961,"message":"Successfully created WP Post. ID =>2828"}
{"time":1557506961,"message":"Successfully created WP Post. ID =>2829"}
{"time":1557506963,"message":"Successfully created WP Post. ID =>2830"}
{"time":1557506964,"message":"Successfully created WP Post. ID =>2831"}
{"time":1557506965,"message":"Successfully created WP Post. ID =>2832"}
{"time":1557506966,"message":"Successfully created WP Post. ID =>2833"}
{"time":1557506966,"message":"Successfully created WP Post. ID =>2834"}
{"time":1557506977,"message":"Successfully created WP Post. ID =>2835"}
{"time":1557506978,"message":"Successfully created WP Post. ID =>2836"}
{"time":1557506979,"message":"Successfully created WP Post. ID =>2837"}
{"time":1557506980,"message":"Successfully created WP Post. ID =>2838"}
{"time":1557506981,"message":"Successfully created WP Post. ID =>2839"}
{"time":1557506982,"message":"Successfully created WP Post. ID =>2840"}
{"time":1557506982,"message":"Successfully created WP Post. ID =>2841"}
{"time":1557506983,"message":"Successfully created WP Post. ID =>2842"}
{"time":1557506984,"message":"Successfully created WP Post. ID =>2843"}
{"time":1557506985,"message":"Successfully created WP Post. ID =>2844"}
{"time":1557506986,"message":"Successfully created WP Post. ID =>2845"}
{"time":1557506991,"message":"Script exit. Cause: End start function"}
