{"time":1557507959,"message":"Start trying sync categories."}
{"time":1557507959,"message":"Successfully created WP Category. ID =>859"}
{"time":1557507959,"message":"Successfully created WP Category. ID =>860"}
{"time":1557507959,"message":"Successfully created WP Category. ID =>861"}
{"time":1557507959,"message":"Successfully created WP Category. ID =>862"}
{"time":1557507959,"message":"Successfully created WP Category. ID =>863"}
{"time":1557507959,"message":"Successfully created WP Category. ID =>864"}
{"time":1557507959,"message":"Successfully created WP Category. ID =>865"}
{"time":1557507959,"message":"Successfully created WP Category. ID =>866"}
{"time":1557507959,"message":"Successfully created WP Category. ID =>867"}
{"time":1557507959,"message":"Successfully created WP Category. ID =>868"}
{"time":1557507959,"message":"Successfully created WP Category. ID =>869"}
{"time":1557507959,"message":"Successfully created WP Category. ID =>870"}
{"time":1557507959,"message":"Successfully created WP Category. ID =>871"}
{"time":1557507959,"message":"Successfully created WP Category. ID =>872"}
{"time":1557507959,"message":"Successfully created WP Category. ID =>873"}
{"time":1557507959,"message":"Successfully created WP Category. ID =>874"}
{"time":1557507959,"message":"Successfully created WP Category. ID =>875"}
{"time":1557507959,"message":"Successfully created WP Category. ID =>876"}
{"time":1557507959,"message":"Successfully created WP Category. ID =>877"}
{"time":1557507959,"message":"Successfully created WP Category. ID =>878"}
{"time":1557507959,"message":"Successfully created WP Category. ID =>879"}
{"time":1557507959,"message":"Successfully created WP Category. ID =>880"}
{"time":1557507959,"message":"Successfully created WP Category. ID =>881"}
{"time":1557507959,"message":"Successfully created WP Category. ID =>882"}
{"time":1557507959,"message":"Successfully created WP Category. ID =>883"}
{"time":1557507959,"message":"Successfully created WP Category. ID =>884"}
{"time":1557507959,"message":"Successfully created WP Category. ID =>885"}
{"time":1557507959,"message":"Successfully created WP Category. ID =>886"}
{"time":1557507959,"message":"Successfully created WP Category. ID =>887"}
{"time":1557507959,"message":"Successfully created WP Category. ID =>888"}
{"time":1557507959,"message":"Successfully created WP Category. ID =>889"}
{"time":1557507959,"message":"Successfully created WP Category. ID =>890"}
{"time":1557507959,"message":"Successfully created WP Category. ID =>891"}
{"time":1557507959,"message":"Successfully created WP Category. ID =>892"}
{"time":1557507960,"message":"Successfully created WP Category. ID =>893"}
{"time":1557507960,"message":"Successfully created WP Category. ID =>894"}
{"time":1557507960,"message":"Successfully created WP Category. ID =>895"}
{"time":1557507960,"message":"Successfully created WP Category. ID =>896"}
{"time":1557507960,"message":"Successfully created WP Category. ID =>897"}
{"time":1557507960,"message":"Successfully created WP Category. ID =>898"}
{"time":1557507960,"message":"Successfully created WP Category. ID =>899"}
{"time":1557507960,"message":"Successfully created WP Category. ID =>900"}
{"time":1557507960,"message":"Successfully created WP Category. ID =>901"}
{"time":1557507960,"message":"Successfully created WP Category. ID =>902"}
{"time":1557507960,"message":"Successfully created WP Category. ID =>903"}
{"time":1557507960,"message":"Successfully created WP Category. ID =>904"}
{"time":1557507960,"message":"Successfully created WP Category. ID =>905"}
{"time":1557507960,"message":"Successfully created WP Category. ID =>906"}
{"time":1557507960,"message":"Successfully created WP Category. ID =>907"}
{"time":1557507960,"message":"Successfully created WP Category. ID =>908"}
{"time":1557507960,"message":"Successfully created WP Category. ID =>909"}
{"time":1557507960,"message":"Successfully created WP Category. ID =>910"}
{"time":1557507960,"message":"Start trying sync products."}
{"time":1557507961,"message":"Successfully created WP Post. ID =>2846"}
{"time":1557507964,"message":"Successfully created WP Post. ID =>2847"}
{"time":1557507964,"message":"Successfully created WP Post. ID =>2848"}
{"time":1557507966,"message":"Successfully created WP Post. ID =>2849"}
{"time":1557507967,"message":"Successfully created WP Post. ID =>2850"}
{"time":1557507967,"message":"Successfully created WP Post. ID =>2851"}
{"time":1557507968,"message":"Successfully created WP Post. ID =>2852"}
{"time":1557507969,"message":"Successfully created WP Post. ID =>2853"}
{"time":1557507970,"message":"Successfully created WP Post. ID =>2854"}
{"time":1557507970,"message":"Successfully created WP Post. ID =>2855"}
{"time":1557507971,"message":"Successfully created WP Post. ID =>2856"}
{"time":1557507972,"message":"Successfully created WP Post. ID =>2857"}
{"time":1557507973,"message":"Successfully created WP Post. ID =>2858"}
{"time":1557507974,"message":"Successfully created WP Post. ID =>2859"}
{"time":1557507974,"message":"Successfully created WP Post. ID =>2860"}
{"time":1557507975,"message":"Successfully created WP Post. ID =>2861"}
{"time":1557507976,"message":"Successfully created WP Post. ID =>2862"}
{"time":1557507977,"message":"Successfully created WP Post. ID =>2863"}
{"time":1557507978,"message":"Successfully created WP Post. ID =>2864"}
{"time":1557507979,"message":"Successfully created WP Post. ID =>2865"}
{"time":1557507981,"message":"Successfully created WP Post. ID =>2866"}
{"time":1557507987,"message":"Successfully created WP Post. ID =>2867"}
{"time":1557507992,"message":"Successfully created WP Post. ID =>2868"}
{"time":1557507992,"message":"Successfully created WP Post. ID =>2869"}
{"time":1557507993,"message":"Successfully created WP Post. ID =>2870"}
{"time":1557507994,"message":"Successfully created WP Post. ID =>2871"}
{"time":1557507995,"message":"Successfully created WP Post. ID =>2872"}
{"time":1557507996,"message":"Successfully created WP Post. ID =>2873"}
{"time":1557507997,"message":"Successfully created WP Post. ID =>2874"}
{"time":1557507997,"message":"Successfully created WP Post. ID =>2875"}
{"time":1557507998,"message":"Successfully created WP Post. ID =>2876"}
{"time":1557507999,"message":"Successfully created WP Post. ID =>2877"}
{"time":1557508000,"message":"Successfully created WP Post. ID =>2878"}
{"time":1557508001,"message":"Successfully created WP Post. ID =>2879"}
{"time":1557508002,"message":"Successfully created WP Post. ID =>2880"}
{"time":1557508003,"message":"Successfully created WP Post. ID =>2881"}
{"time":1557508003,"message":"Successfully created WP Post. ID =>2882"}
{"time":1557508004,"message":"Successfully created WP Post. ID =>2883"}
{"time":1557508005,"message":"Successfully created WP Post. ID =>2884"}
{"time":1557508006,"message":"Successfully created WP Post. ID =>2885"}
{"time":1557508007,"message":"Successfully created WP Post. ID =>2886"}
{"time":1557508008,"message":"Successfully created WP Post. ID =>2887"}
{"time":1557508008,"message":"Successfully created WP Post. ID =>2888"}
{"time":1557508009,"message":"Successfully created WP Post. ID =>2889"}
{"time":1557508010,"message":"Successfully created WP Post. ID =>2890"}
{"time":1557508026,"message":"Successfully created WP Post. ID =>2891"}
{"time":1557508027,"message":"Successfully created WP Post. ID =>2892"}
{"time":1557508028,"message":"Successfully created WP Post. ID =>2893"}
{"time":1557508028,"message":"Successfully created WP Post. ID =>2894"}
{"time":1557508029,"message":"Successfully created WP Post. ID =>2895"}
{"time":1557508030,"message":"Successfully created WP Post. ID =>2896"}
{"time":1557508031,"message":"Successfully created WP Post. ID =>2897"}
{"time":1557508031,"message":"Successfully created WP Post. ID =>2898"}
{"time":1557508032,"message":"Successfully created WP Post. ID =>2899"}
{"time":1557508033,"message":"Successfully created WP Post. ID =>2900"}
{"time":1557508034,"message":"Successfully created WP Post. ID =>2901"}
{"time":1557508035,"message":"Successfully created WP Post. ID =>2902"}
{"time":1557508036,"message":"Successfully created WP Post. ID =>2903"}
{"time":1557508036,"message":"Successfully created WP Post. ID =>2904"}
{"time":1557508037,"message":"Successfully created WP Post. ID =>2905"}
{"time":1557508038,"message":"Successfully created WP Post. ID =>2906"}
{"time":1557508039,"message":"Successfully created WP Post. ID =>2907"}
{"time":1557508040,"message":"Successfully created WP Post. ID =>2908"}
{"time":1557508041,"message":"Successfully created WP Post. ID =>2909"}
{"time":1557508041,"message":"Successfully created WP Post. ID =>2910"}
{"time":1557508042,"message":"Successfully created WP Post. ID =>2911"}
{"time":1557508048,"message":"Successfully created WP Post. ID =>2912"}
{"time":1557508054,"message":"Successfully created WP Post. ID =>2913"}
{"time":1557508055,"message":"Successfully created WP Post. ID =>2914"}
{"time":1557508055,"message":"Successfully created WP Post. ID =>2915"}
{"time":1557508057,"message":"Successfully created WP Post. ID =>2916"}
{"time":1557508059,"message":"Successfully created WP Post. ID =>2917"}
{"time":1557508059,"message":"Successfully created WP Post. ID =>2918"}
{"time":1557508061,"message":"Successfully created WP Post. ID =>2919"}
{"time":1557508061,"message":"Successfully created WP Post. ID =>2920"}
{"time":1557508062,"message":"Successfully created WP Post. ID =>2921"}
{"time":1557508063,"message":"Successfully created WP Post. ID =>2922"}
{"time":1557508065,"message":"Successfully created WP Post. ID =>2923"}
{"time":1557508066,"message":"Successfully created WP Post. ID =>2924"}
{"time":1557508066,"message":"Successfully created WP Post. ID =>2925"}
{"time":1557508067,"message":"Successfully created WP Post. ID =>2926"}
{"time":1557508068,"message":"Successfully created WP Post. ID =>2927"}
{"time":1557508069,"message":"Successfully created WP Post. ID =>2928"}
{"time":1557508070,"message":"Successfully created WP Post. ID =>2929"}
{"time":1557508070,"message":"Successfully created WP Post. ID =>2930"}
{"time":1557508071,"message":"Successfully created WP Post. ID =>2931"}
{"time":1557508072,"message":"Successfully created WP Post. ID =>2932"}
{"time":1557508073,"message":"Successfully created WP Post. ID =>2933"}
{"time":1557508074,"message":"Successfully created WP Post. ID =>2934"}
{"time":1557508075,"message":"Successfully created WP Post. ID =>2935"}
{"time":1557508081,"message":"Successfully created WP Post. ID =>2936"}
{"time":1557508087,"message":"Successfully created WP Post. ID =>2937"}
{"time":1557508088,"message":"Successfully created WP Post. ID =>2938"}
{"time":1557508089,"message":"Successfully created WP Post. ID =>2939"}
{"time":1557508089,"message":"Successfully created WP Post. ID =>2940"}
{"time":1557508092,"message":"Successfully created WP Post. ID =>2943"}
{"time":1557508093,"message":"Successfully created WP Post. ID =>2944"}
{"time":1557508093,"message":"Successfully created WP Post. ID =>2945"}
{"time":1557508094,"message":"Successfully created WP Post. ID =>2946"}
{"time":1557508095,"message":"Successfully created WP Post. ID =>2947"}
{"time":1557508096,"message":"Successfully created WP Post. ID =>2948"}
{"time":1557508097,"message":"Successfully created WP Post. ID =>2949"}
{"time":1557508098,"message":"Successfully created WP Post. ID =>2950"}
{"time":1557508100,"message":"Successfully created WP Post. ID =>2953"}
{"time":1557508101,"message":"Successfully created WP Post. ID =>2954"}
{"time":1557508102,"message":"Successfully created WP Post. ID =>2955"}
{"time":1557508102,"message":"Successfully created WP Post. ID =>2956"}
{"time":1557508103,"message":"Successfully created WP Post. ID =>2957"}
{"time":1557508109,"message":"Successfully created WP Post. ID =>2958"}
{"time":1557508115,"message":"Successfully created WP Post. ID =>2959"}
{"time":1557508116,"message":"Successfully created WP Post. ID =>2960"}
{"time":1557508117,"message":"Successfully created WP Post. ID =>2961"}
{"time":1557508123,"message":"Successfully created WP Post. ID =>2962"}
{"time":1557508124,"message":"Successfully created WP Post. ID =>2963"}
{"time":1557508125,"message":"Successfully created WP Post. ID =>2964"}
{"time":1557508125,"message":"Successfully created WP Post. ID =>2965"}
{"time":1557508126,"message":"Successfully created WP Post. ID =>2966"}
{"time":1557508127,"message":"Successfully created WP Post. ID =>2967"}
{"time":1557508128,"message":"Successfully created WP Post. ID =>2968"}
{"time":1557508128,"message":"Successfully created WP Post. ID =>2969"}
{"time":1557508129,"message":"Successfully created WP Post. ID =>2970"}
{"time":1557508130,"message":"Successfully created WP Post. ID =>2971"}
{"time":1557508131,"message":"Successfully created WP Post. ID =>2972"}
{"time":1557508132,"message":"Successfully created WP Post. ID =>2973"}
{"time":1557508132,"message":"Successfully created WP Post. ID =>2974"}
{"time":1557508133,"message":"Successfully created WP Post. ID =>2975"}
{"time":1557508134,"message":"Successfully created WP Post. ID =>2976"}
{"time":1557508135,"message":"Successfully created WP Post. ID =>2977"}
{"time":1557508136,"message":"Successfully created WP Post. ID =>2978"}
{"time":1557508136,"message":"Successfully created WP Post. ID =>2979"}
{"time":1557508137,"message":"Successfully created WP Post. ID =>2980"}
{"time":1557508138,"message":"Successfully created WP Post. ID =>2981"}
{"time":1557508149,"message":"Successfully created WP Post. ID =>2982"}
{"time":1557508150,"message":"Successfully created WP Post. ID =>2983"}
{"time":1557508151,"message":"Successfully created WP Post. ID =>2984"}
{"time":1557508152,"message":"Successfully created WP Post. ID =>2985"}
{"time":1557508153,"message":"Successfully created WP Post. ID =>2986"}
{"time":1557508153,"message":"Successfully created WP Post. ID =>2987"}
{"time":1557508154,"message":"Successfully created WP Post. ID =>2988"}
{"time":1557508155,"message":"Successfully created WP Post. ID =>2989"}
{"time":1557508156,"message":"Successfully created WP Post. ID =>2990"}
{"time":1557508156,"message":"Successfully created WP Post. ID =>2991"}
{"time":1557508158,"message":"Successfully created WP Post. ID =>2992"}
{"time":1557508158,"message":"Successfully created WP Post. ID =>2993"}
{"time":1557508159,"message":"Successfully created WP Post. ID =>2994"}
{"time":1557508160,"message":"Successfully created WP Post. ID =>2995"}
{"time":1557508161,"message":"Successfully created WP Post. ID =>2996"}
{"time":1557508162,"message":"Successfully created WP Post. ID =>2997"}
{"time":1557508163,"message":"Successfully created WP Post. ID =>2998"}
{"time":1557508164,"message":"Successfully created WP Post. ID =>2999"}
{"time":1557508165,"message":"Successfully created WP Post. ID =>3000"}
{"time":1557508166,"message":"Successfully created WP Post. ID =>3001"}
{"time":1557508166,"message":"Successfully created WP Post. ID =>3002"}
{"time":1557508172,"message":"Successfully created WP Post. ID =>3003"}
{"time":1557508178,"message":"Successfully created WP Post. ID =>3004"}
{"time":1557508179,"message":"Successfully created WP Post. ID =>3005"}
{"time":1557508180,"message":"Successfully created WP Post. ID =>3006"}
{"time":1557508180,"message":"Successfully created WP Post. ID =>3007"}
{"time":1557508186,"message":"Successfully created WP Post. ID =>3008"}
{"time":1557508187,"message":"Successfully created WP Post. ID =>3009"}
{"time":1557508188,"message":"Successfully created WP Post. ID =>3010"}
{"time":1557508189,"message":"Successfully created WP Post. ID =>3011"}
{"time":1557508190,"message":"Successfully created WP Post. ID =>3012"}
{"time":1557508191,"message":"Successfully created WP Post. ID =>3013"}
{"time":1557508192,"message":"Successfully created WP Post. ID =>3014"}
{"time":1557508193,"message":"Successfully created WP Post. ID =>3015"}
{"time":1557508194,"message":"Successfully created WP Post. ID =>3016"}
{"time":1557508195,"message":"Successfully created WP Post. ID =>3017"}
{"time":1557508196,"message":"Successfully created WP Post. ID =>3018"}
{"time":1557508197,"message":"Successfully created WP Post. ID =>3019"}
{"time":1557508198,"message":"Successfully created WP Post. ID =>3020"}
{"time":1557508199,"message":"Successfully created WP Post. ID =>3021"}
{"time":1557508200,"message":"Successfully created WP Post. ID =>3022"}
{"time":1557508201,"message":"Successfully created WP Post. ID =>3023"}
{"time":1557508202,"message":"Successfully created WP Post. ID =>3024"}
{"time":1557508204,"message":"Successfully created WP Post. ID =>3026"}
{"time":1557508205,"message":"Successfully created WP Post. ID =>3027"}
{"time":1557508212,"message":"Successfully created WP Post. ID =>3028"}
{"time":1557508214,"message":"Successfully created WP Post. ID =>3029"}
{"time":1557508215,"message":"Successfully created WP Post. ID =>3030"}
{"time":1557508216,"message":"Successfully created WP Post. ID =>3031"}
{"time":1557508217,"message":"Successfully created WP Post. ID =>3032"}
{"time":1557508217,"message":"Successfully created WP Post. ID =>3033"}
{"time":1557508218,"message":"Successfully created WP Post. ID =>3034"}
{"time":1557508219,"message":"Successfully created WP Post. ID =>3035"}
{"time":1557508220,"message":"Successfully created WP Post. ID =>3036"}
{"time":1557508220,"message":"Successfully created WP Post. ID =>3037"}
{"time":1557508221,"message":"Successfully created WP Post. ID =>3038"}
{"time":1557508222,"message":"Successfully created WP Post. ID =>3039"}
{"time":1557508223,"message":"Successfully created WP Post. ID =>3040"}
{"time":1557508224,"message":"Successfully created WP Post. ID =>3041"}
{"time":1557508224,"message":"Successfully created WP Post. ID =>3042"}
{"time":1557508225,"message":"Successfully created WP Post. ID =>3043"}
{"time":1557508226,"message":"Successfully created WP Post. ID =>3044"}
{"time":1557508227,"message":"Successfully created WP Post. ID =>3045"}
{"time":1557508228,"message":"Successfully created WP Post. ID =>3046"}
{"time":1557508229,"message":"Successfully created WP Post. ID =>3047"}
{"time":1557508229,"message":"Successfully created WP Post. ID =>3048"}
{"time":1557508235,"message":"Successfully created WP Post. ID =>3049"}
{"time":1557508242,"message":"Successfully created WP Post. ID =>3050"}
{"time":1557508243,"message":"Successfully created WP Post. ID =>3051"}
{"time":1557508243,"message":"Successfully created WP Post. ID =>3052"}
{"time":1557508249,"message":"Successfully created WP Post. ID =>3053"}
{"time":1557508250,"message":"Successfully created WP Post. ID =>3054"}
{"time":1557508251,"message":"Successfully created WP Post. ID =>3055"}
{"time":1557508252,"message":"Successfully created WP Post. ID =>3056"}
{"time":1557508253,"message":"Successfully created WP Post. ID =>3057"}
{"time":1557508253,"message":"Successfully created WP Post. ID =>3058"}
{"time":1557508255,"message":"Successfully created WP Post. ID =>3059"}
{"time":1557508256,"message":"Successfully created WP Post. ID =>3060"}
{"time":1557508257,"message":"Successfully created WP Post. ID =>3061"}
{"time":1557508258,"message":"Successfully created WP Post. ID =>3062"}
{"time":1557508258,"message":"Successfully created WP Post. ID =>3063"}
{"time":1557508259,"message":"Successfully created WP Post. ID =>3064"}
{"time":1557508260,"message":"Successfully created WP Post. ID =>3065"}
{"time":1557508261,"message":"Successfully created WP Post. ID =>3066"}
{"time":1557508261,"message":"Successfully created WP Post. ID =>3067"}
{"time":1557508262,"message":"Successfully created WP Post. ID =>3068"}
{"time":1557508263,"message":"Successfully created WP Post. ID =>3069"}
{"time":1557508264,"message":"Successfully created WP Post. ID =>3070"}
{"time":1557508265,"message":"Successfully created WP Post. ID =>3071"}
{"time":1557508266,"message":"Successfully created WP Post. ID =>3072"}
{"time":1557508272,"message":"Successfully created WP Post. ID =>3073"}
{"time":1557508277,"message":"Successfully created WP Post. ID =>3074"}
{"time":1557508278,"message":"Successfully created WP Post. ID =>3075"}
{"time":1557508279,"message":"Successfully created WP Post. ID =>3076"}
{"time":1557508280,"message":"Successfully created WP Post. ID =>3077"}
{"time":1557508281,"message":"Successfully created WP Post. ID =>3078"}
{"time":1557508282,"message":"Successfully created WP Post. ID =>3079"}
{"time":1557508283,"message":"Successfully created WP Post. ID =>3080"}
{"time":1557508283,"message":"Successfully created WP Post. ID =>3081"}
{"time":1557508284,"message":"Successfully created WP Post. ID =>3082"}
{"time":1557508285,"message":"Successfully created WP Post. ID =>3083"}
{"time":1557508286,"message":"Successfully created WP Post. ID =>3084"}
{"time":1557508287,"message":"Successfully created WP Post. ID =>3085"}
{"time":1557508287,"message":"Successfully created WP Post. ID =>3086"}
{"time":1557508288,"message":"Successfully created WP Post. ID =>3087"}
{"time":1557508289,"message":"Successfully created WP Post. ID =>3088"}
{"time":1557508290,"message":"Successfully created WP Post. ID =>3089"}
{"time":1557508291,"message":"Successfully created WP Post. ID =>3090"}
{"time":1557508292,"message":"Successfully created WP Post. ID =>3091"}
{"time":1557508293,"message":"Successfully created WP Post. ID =>3092"}
{"time":1557508294,"message":"Successfully created WP Post. ID =>3093"}
{"time":1557508295,"message":"Successfully created WP Post. ID =>3094"}
{"time":1557508302,"message":"Successfully created WP Post. ID =>3095"}
{"time":1557508303,"message":"Successfully created WP Post. ID =>3096"}
{"time":1557508304,"message":"Successfully created WP Post. ID =>3097"}
{"time":1557508304,"message":"Successfully created WP Post. ID =>3098"}
{"time":1557508310,"message":"Successfully created WP Post. ID =>3099"}
{"time":1557508311,"message":"Successfully created WP Post. ID =>3100"}
{"time":1557508312,"message":"Successfully created WP Post. ID =>3101"}
{"time":1557508313,"message":"Successfully created WP Post. ID =>3102"}
{"time":1557508314,"message":"Successfully created WP Post. ID =>3103"}
{"time":1557508320,"message":"Successfully created WP Post. ID =>3105"}
{"time":1557508322,"message":"Successfully created WP Post. ID =>3106"}
{"time":1557508323,"message":"Successfully created WP Post. ID =>3107"}
{"time":1557508324,"message":"Successfully created WP Post. ID =>3108"}
{"time":1557508325,"message":"Successfully created WP Post. ID =>3109"}
{"time":1557508326,"message":"Successfully created WP Post. ID =>3110"}
{"time":1557508327,"message":"Successfully created WP Post. ID =>3111"}
{"time":1557508328,"message":"Successfully created WP Post. ID =>3112"}
{"time":1557508328,"message":"Successfully created WP Post. ID =>3113"}
{"time":1557508329,"message":"Successfully created WP Post. ID =>3114"}
{"time":1557508330,"message":"Successfully created WP Post. ID =>3115"}
{"time":1557508331,"message":"Successfully created WP Post. ID =>3116"}
{"time":1557508332,"message":"Successfully created WP Post. ID =>3117"}
{"time":1557508333,"message":"Successfully created WP Post. ID =>3118"}
{"time":1557508334,"message":"Successfully created WP Post. ID =>3119"}
{"time":1557508340,"message":"Successfully created WP Post. ID =>3120"}
{"time":1557508341,"message":"Successfully created WP Post. ID =>3121"}
{"time":1557508342,"message":"Successfully created WP Post. ID =>3122"}
{"time":1557508343,"message":"Successfully created WP Post. ID =>3123"}
{"time":1557508344,"message":"Successfully created WP Post. ID =>3124"}
{"time":1557508344,"message":"Successfully created WP Post. ID =>3125"}
{"time":1557508345,"message":"Successfully created WP Post. ID =>3126"}
{"time":1557508346,"message":"Successfully created WP Post. ID =>3127"}
{"time":1557508347,"message":"Successfully created WP Post. ID =>3128"}
{"time":1557508348,"message":"Successfully created WP Post. ID =>3129"}
{"time":1557508349,"message":"Successfully created WP Post. ID =>3130"}
{"time":1557508350,"message":"Successfully created WP Post. ID =>3131"}
{"time":1557508351,"message":"Successfully created WP Post. ID =>3132"}
{"time":1557508352,"message":"Successfully created WP Post. ID =>3133"}
{"time":1557508352,"message":"Successfully created WP Post. ID =>3134"}
{"time":1557508353,"message":"Successfully created WP Post. ID =>3135"}
{"time":1557508354,"message":"Successfully created WP Post. ID =>3136"}
{"time":1557508355,"message":"Successfully created WP Post. ID =>3137"}
{"time":1557508356,"message":"Successfully created WP Post. ID =>3138"}
{"time":1557508356,"message":"Successfully created WP Post. ID =>3139"}
{"time":1557508357,"message":"Successfully created WP Post. ID =>3140"}
{"time":1557508363,"message":"Successfully created WP Post. ID =>3141"}
{"time":1557508364,"message":"Successfully created WP Post. ID =>3142"}
{"time":1557508364,"message":"Successfully created WP Post. ID =>3143"}
{"time":1557508371,"message":"Successfully created WP Post. ID =>3144"}
{"time":1557508372,"message":"Successfully created WP Post. ID =>3145"}
{"time":1557508373,"message":"Successfully created WP Post. ID =>3146"}
{"time":1557508374,"message":"Successfully created WP Post. ID =>3147"}
{"time":1557508374,"message":"Successfully created WP Post. ID =>3148"}
{"time":1557508375,"message":"Successfully created WP Post. ID =>3149"}
{"time":1557508381,"message":"Successfully created WP Post. ID =>3150"}
{"time":1557508382,"message":"Successfully created WP Post. ID =>3151"}
{"time":1557508388,"message":"Successfully created WP Post. ID =>3152"}
{"time":1557508389,"message":"Successfully created WP Post. ID =>3153"}
{"time":1557508390,"message":"Successfully created WP Post. ID =>3154"}
{"time":1557508391,"message":"Successfully created WP Post. ID =>3155"}
{"time":1557508393,"message":"Successfully created WP Post. ID =>3156"}
{"time":1557508394,"message":"Successfully created WP Post. ID =>3157"}
{"time":1557508396,"message":"Successfully created WP Post. ID =>3158"}
{"time":1557508396,"message":"Successfully created WP Post. ID =>3159"}
{"time":1557508397,"message":"Successfully created WP Post. ID =>3160"}
{"time":1557508398,"message":"Successfully created WP Post. ID =>3161"}
{"time":1557508399,"message":"Successfully created WP Post. ID =>3162"}
{"time":1557508401,"message":"Successfully created WP Post. ID =>3164"}
{"time":1557508402,"message":"Successfully created WP Post. ID =>3165"}
{"time":1557508403,"message":"Successfully created WP Post. ID =>3166"}
{"time":1557508403,"message":"Successfully created WP Post. ID =>3167"}
{"time":1557508404,"message":"Successfully created WP Post. ID =>3168"}
{"time":1557508405,"message":"Successfully created WP Post. ID =>3169"}
{"time":1557508406,"message":"Successfully created WP Post. ID =>3170"}
{"time":1557508407,"message":"Successfully created WP Post. ID =>3171"}
{"time":1557508409,"message":"Successfully created WP Post. ID =>3172"}
{"time":1557508409,"message":"Successfully created WP Post. ID =>3173"}
{"time":1557508410,"message":"Successfully created WP Post. ID =>3174"}
{"time":1557508412,"message":"Successfully created WP Post. ID =>3175"}
{"time":1557508412,"message":"Successfully created WP Post. ID =>3176"}
{"time":1557508413,"message":"Successfully created WP Post. ID =>3177"}
{"time":1557508414,"message":"Successfully created WP Post. ID =>3178"}
{"time":1557508415,"message":"Successfully created WP Post. ID =>3179"}
{"time":1557508416,"message":"Successfully created WP Post. ID =>3180"}
{"time":1557508418,"message":"Successfully created WP Post. ID =>3181"}
{"time":1557508419,"message":"Successfully created WP Post. ID =>3182"}
{"time":1557508419,"message":"Successfully created WP Post. ID =>3183"}
{"time":1557508420,"message":"Successfully created WP Post. ID =>3184"}
{"time":1557508422,"message":"Successfully created WP Post. ID =>3185"}
{"time":1557508424,"message":"Successfully created WP Post. ID =>3186"}
{"time":1557508425,"message":"Successfully created WP Post. ID =>3187"}
{"time":1557508426,"message":"Successfully created WP Post. ID =>3188"}
{"time":1557508428,"message":"Successfully created WP Post. ID =>3189"}
{"time":1557508433,"message":"Successfully created WP Post. ID =>3190"}
{"time":1557508434,"message":"Successfully created WP Post. ID =>3191"}
{"time":1557508435,"message":"Successfully created WP Post. ID =>3192"}
{"time":1557508436,"message":"Successfully created WP Post. ID =>3193"}
{"time":1557508437,"message":"Successfully created WP Post. ID =>3194"}
{"time":1557508438,"message":"Successfully created WP Post. ID =>3195"}
{"time":1557508444,"message":"Successfully created WP Post. ID =>3196"}
{"time":1557508449,"message":"Successfully created WP Post. ID =>3197"}
{"time":1557508450,"message":"Successfully created WP Post. ID =>3198"}
{"time":1557508451,"message":"Successfully created WP Post. ID =>3199"}
{"time":1557508452,"message":"Successfully created WP Post. ID =>3200"}
{"time":1557508453,"message":"Successfully created WP Post. ID =>3201"}
{"time":1557508461,"message":"Successfully created WP Post. ID =>3203"}
{"time":1557508461,"message":"Successfully created WP Post. ID =>3204"}
{"time":1557508462,"message":"Successfully created WP Post. ID =>3205"}
{"time":1557508464,"message":"Successfully created WP Post. ID =>3206"}
{"time":1557508465,"message":"Successfully created WP Post. ID =>3207"}
{"time":1557508466,"message":"Successfully created WP Post. ID =>3208"}
{"time":1557508467,"message":"Successfully created WP Post. ID =>3209"}
{"time":1557508467,"message":"Successfully created WP Post. ID =>3210"}
{"time":1557508468,"message":"Successfully created WP Post. ID =>3211"}
{"time":1557508470,"message":"Successfully created WP Post. ID =>3212"}
{"time":1557508470,"message":"Successfully created WP Post. ID =>3213"}
{"time":1557508472,"message":"Successfully created WP Post. ID =>3214"}
{"time":1557508472,"message":"Successfully created WP Post. ID =>3215"}
{"time":1557508473,"message":"Successfully created WP Post. ID =>3216"}
{"time":1557508474,"message":"Successfully created WP Post. ID =>3217"}
{"time":1557508477,"message":"Successfully created WP Post. ID =>3218"}
{"time":1557508477,"message":"Successfully created WP Post. ID =>3219"}
{"time":1557508478,"message":"Successfully created WP Post. ID =>3220"}
{"time":1557508479,"message":"Successfully created WP Post. ID =>3221"}
{"time":1557508480,"message":"Successfully created WP Post. ID =>3222"}
{"time":1557508481,"message":"Successfully created WP Post. ID =>3223"}
{"time":1557508482,"message":"Successfully created WP Post. ID =>3224"}
{"time":1557508483,"message":"Successfully created WP Post. ID =>3225"}
{"time":1557508484,"message":"Successfully created WP Post. ID =>3226"}
{"time":1557508485,"message":"Successfully created WP Post. ID =>3227"}
{"time":1557508486,"message":"Successfully created WP Post. ID =>3228"}
{"time":1557508487,"message":"Successfully created WP Post. ID =>3229"}
{"time":1557508487,"message":"Successfully created WP Post. ID =>3230"}
{"time":1557508488,"message":"Successfully created WP Post. ID =>3231"}
{"time":1557508489,"message":"Successfully created WP Post. ID =>3232"}
{"time":1557508490,"message":"Successfully created WP Post. ID =>3233"}
{"time":1557508491,"message":"Successfully created WP Post. ID =>3234"}
{"time":1557508497,"message":"Successfully created WP Post. ID =>3235"}
{"time":1557508498,"message":"Successfully created WP Post. ID =>3236"}
{"time":1557508499,"message":"Successfully created WP Post. ID =>3237"}
{"time":1557508500,"message":"Successfully created WP Post. ID =>3238"}
{"time":1557508501,"message":"Successfully created WP Post. ID =>3239"}
{"time":1557508503,"message":"Successfully created WP Post. ID =>3240"}
{"time":1557508506,"message":"Successfully created WP Post. ID =>3241"}
{"time":1557508508,"message":"Successfully created WP Post. ID =>3242"}
{"time":1557508514,"message":"Successfully created WP Post. ID =>3243"}
{"time":1557508515,"message":"Successfully created WP Post. ID =>3244"}
{"time":1557508516,"message":"Successfully created WP Post. ID =>3245"}
{"time":1557508516,"message":"Successfully created WP Post. ID =>3246"}
{"time":1557508518,"message":"Successfully created WP Post. ID =>3247"}
{"time":1557508523,"message":"Successfully created WP Post. ID =>3248"}
{"time":1557508524,"message":"Successfully created WP Post. ID =>3249"}
{"time":1557508525,"message":"Successfully created WP Post. ID =>3250"}
{"time":1557508526,"message":"Successfully created WP Post. ID =>3251"}
{"time":1557508528,"message":"Successfully created WP Post. ID =>3252"}
{"time":1557508529,"message":"Successfully created WP Post. ID =>3253"}
{"time":1557508529,"message":"Successfully created WP Post. ID =>3254"}
{"time":1557508530,"message":"Successfully created WP Post. ID =>3255"}
{"time":1557508531,"message":"Successfully created WP Post. ID =>3256"}
{"time":1557508532,"message":"Successfully created WP Post. ID =>3257"}
{"time":1557508533,"message":"Successfully created WP Post. ID =>3258"}
{"time":1557508534,"message":"Successfully created WP Post. ID =>3259"}
{"time":1557508535,"message":"Successfully created WP Post. ID =>3260"}
{"time":1557508535,"message":"Successfully created WP Post. ID =>3261"}
{"time":1557508536,"message":"Successfully created WP Post. ID =>3262"}
{"time":1557508537,"message":"Successfully created WP Post. ID =>3263"}
{"time":1557508538,"message":"Successfully created WP Post. ID =>3264"}
{"time":1557508539,"message":"Successfully created WP Post. ID =>3265"}
{"time":1557508540,"message":"Successfully created WP Post. ID =>3266"}
{"time":1557508541,"message":"Successfully created WP Post. ID =>3267"}
{"time":1557508542,"message":"Successfully created WP Post. ID =>3268"}
{"time":1557508542,"message":"Successfully created WP Post. ID =>3269"}
{"time":1557508543,"message":"Successfully created WP Post. ID =>3270"}
{"time":1557508544,"message":"Successfully created WP Post. ID =>3271"}
{"time":1557508545,"message":"Successfully created WP Post. ID =>3272"}
{"time":1557508546,"message":"Successfully created WP Post. ID =>3273"}
{"time":1557508547,"message":"Successfully created WP Post. ID =>3274"}
{"time":1557508548,"message":"Successfully created WP Post. ID =>3275"}
{"time":1557508549,"message":"Successfully created WP Post. ID =>3276"}
{"time":1557508549,"message":"Successfully created WP Post. ID =>3277"}
{"time":1557508550,"message":"Successfully created WP Post. ID =>3278"}
{"time":1557508551,"message":"Successfully created WP Post. ID =>3279"}
{"time":1557508552,"message":"Successfully created WP Post. ID =>3280"}
{"time":1557508558,"message":"Successfully created WP Post. ID =>3281"}
{"time":1557508559,"message":"Successfully created WP Post. ID =>3282"}
{"time":1557508560,"message":"Successfully created WP Post. ID =>3283"}
{"time":1557508561,"message":"Successfully created WP Post. ID =>3284"}
{"time":1557508567,"message":"Successfully created WP Post. ID =>3285"}
{"time":1557508568,"message":"Successfully created WP Post. ID =>3286"}
{"time":1557508568,"message":"Successfully created WP Post. ID =>3287"}
{"time":1557508574,"message":"Successfully created WP Post. ID =>3288"}
{"time":1557508575,"message":"Successfully created WP Post. ID =>3289"}
{"time":1557508576,"message":"Successfully created WP Post. ID =>3290"}
{"time":1557508577,"message":"Successfully created WP Post. ID =>3291"}
{"time":1557508578,"message":"Successfully created WP Post. ID =>3292"}
{"time":1557508584,"message":"Successfully created WP Post. ID =>3293"}
{"time":1557508586,"message":"Successfully created WP Post. ID =>3294"}
{"time":1557508587,"message":"Successfully created WP Post. ID =>3295"}
{"time":1557508588,"message":"Successfully created WP Post. ID =>3296"}
{"time":1557508591,"message":"Successfully created WP Post. ID =>3297"}
{"time":1557508592,"message":"Successfully created WP Post. ID =>3298"}
{"time":1557508593,"message":"Successfully created WP Post. ID =>3299"}
{"time":1557508593,"message":"Successfully created WP Post. ID =>3300"}
{"time":1557508594,"message":"Successfully created WP Post. ID =>3301"}
{"time":1557508595,"message":"Successfully created WP Post. ID =>3302"}
{"time":1557508597,"message":"Successfully created WP Post. ID =>3303"}
{"time":1557508598,"message":"Successfully created WP Post. ID =>3304"}
{"time":1557508599,"message":"Successfully created WP Post. ID =>3305"}
{"time":1557508599,"message":"Successfully created WP Post. ID =>3306"}
{"time":1557508600,"message":"Successfully created WP Post. ID =>3307"}
{"time":1557508601,"message":"Successfully created WP Post. ID =>3308"}
{"time":1557508602,"message":"Successfully created WP Post. ID =>3309"}
{"time":1557508603,"message":"Successfully created WP Post. ID =>3310"}
{"time":1557508604,"message":"Successfully created WP Post. ID =>3311"}
{"time":1557508605,"message":"Successfully created WP Post. ID =>3312"}
{"time":1557508605,"message":"Successfully created WP Post. ID =>3313"}
{"time":1557508606,"message":"Successfully created WP Post. ID =>3314"}
{"time":1557508607,"message":"Successfully created WP Post. ID =>3315"}
{"time":1557508608,"message":"Successfully created WP Post. ID =>3316"}
{"time":1557508609,"message":"Successfully created WP Post. ID =>3317"}
{"time":1557508610,"message":"Successfully created WP Post. ID =>3318"}
{"time":1557508611,"message":"Successfully created WP Post. ID =>3319"}
{"time":1557508612,"message":"Successfully created WP Post. ID =>3320"}
{"time":1557508615,"message":"Successfully created WP Post. ID =>3323"}
{"time":1557508615,"message":"Successfully created WP Post. ID =>3324"}
{"time":1557508616,"message":"Successfully created WP Post. ID =>3325"}
{"time":1557508622,"message":"Successfully created WP Post. ID =>3326"}
{"time":1557508623,"message":"Successfully created WP Post. ID =>3327"}
{"time":1557508624,"message":"Successfully created WP Post. ID =>3328"}
{"time":1557508625,"message":"Successfully created WP Post. ID =>3329"}
{"time":1557508627,"message":"Successfully created WP Post. ID =>3330"}
{"time":1557508627,"message":"Successfully created WP Post. ID =>3331"}
{"time":1557508628,"message":"Successfully created WP Post. ID =>3332"}
{"time":1557508629,"message":"Successfully created WP Post. ID =>3333"}
{"time":1557508635,"message":"Successfully created WP Post. ID =>3334"}
{"time":1557508636,"message":"Successfully created WP Post. ID =>3335"}
{"time":1557508637,"message":"Successfully created WP Post. ID =>3336"}
{"time":1557508936,"message":"Start trying sync products."}
{"time":1557508937,"message":"Successfully updated WP Post. ID =>3336"}
{"time":1557508938,"message":"Successfully updated WP Post. ID =>3337"}
{"time":1557508939,"message":"Successfully created WP Post. ID =>3338"}
{"time":1557508940,"message":"Successfully created WP Post. ID =>3339"}
{"time":1557508940,"message":"Successfully created WP Post. ID =>3340"}
{"time":1557508941,"message":"Successfully created WP Post. ID =>3341"}
{"time":1557508942,"message":"Successfully created WP Post. ID =>3342"}
{"time":1557508943,"message":"Successfully created WP Post. ID =>3343"}
{"time":1557508944,"message":"Successfully created WP Post. ID =>3344"}
{"time":1557508945,"message":"Successfully created WP Post. ID =>3345"}
{"time":1557508946,"message":"Successfully created WP Post. ID =>3346"}
{"time":1557508946,"message":"Successfully created WP Post. ID =>3347"}
{"time":1557508947,"message":"Successfully created WP Post. ID =>3348"}
{"time":1557508948,"message":"Successfully created WP Post. ID =>3349"}
{"time":1557508949,"message":"Successfully created WP Post. ID =>3350"}
{"time":1557508950,"message":"Successfully created WP Post. ID =>3351"}
{"time":1557508951,"message":"Successfully created WP Post. ID =>3352"}
{"time":1557508951,"message":"Successfully created WP Post. ID =>3353"}
{"time":1557508952,"message":"Successfully created WP Post. ID =>3354"}
{"time":1557508954,"message":"Successfully created WP Post. ID =>3355"}
{"time":1557508957,"message":"Successfully created WP Post. ID =>3356"}
{"time":1557508960,"message":"Successfully created WP Post. ID =>3357"}
{"time":1557508963,"message":"Timeout. Add cron task."}
{"time":1557508963,"message":"Script exit. Cause: End start function"}
{"time":1557509001,"message":"Start trying sync products."}
{"time":1557509002,"message":"Successfully updated WP Post. ID =>3357"}
{"time":1557509002,"message":"Successfully created WP Post. ID =>3358"}
{"time":1557509003,"message":"Successfully created WP Post. ID =>3359"}
{"time":1557509004,"message":"Successfully created WP Post. ID =>3360"}
{"time":1557509005,"message":"Successfully created WP Post. ID =>3361"}
{"time":1557509006,"message":"Successfully created WP Post. ID =>3362"}
{"time":1557509007,"message":"Successfully created WP Post. ID =>3363"}
{"time":1557509008,"message":"Successfully created WP Post. ID =>3364"}
{"time":1557509009,"message":"Successfully created WP Post. ID =>3365"}
{"time":1557509009,"message":"Successfully created WP Post. ID =>3366"}
{"time":1557509010,"message":"Successfully created WP Post. ID =>3367"}
{"time":1557509011,"message":"Successfully created WP Post. ID =>3368"}
{"time":1557509012,"message":"Successfully created WP Post. ID =>3369"}
{"time":1557509013,"message":"Successfully created WP Post. ID =>3370"}
{"time":1557509014,"message":"Successfully created WP Post. ID =>3371"}
{"time":1557509015,"message":"Successfully created WP Post. ID =>3372"}
{"time":1557509015,"message":"Successfully created WP Post. ID =>3373"}
{"time":1557509016,"message":"Successfully created WP Post. ID =>3374"}
{"time":1557509019,"message":"Successfully created WP Post. ID =>3377"}
{"time":1557509020,"message":"Successfully created WP Post. ID =>3378"}
{"time":1557509021,"message":"Successfully created WP Post. ID =>3379"}
{"time":1557509022,"message":"Successfully created WP Post. ID =>3380"}
{"time":1557509023,"message":"Successfully created WP Post. ID =>3381"}
{"time":1557509024,"message":"Successfully created WP Post. ID =>3382"}
{"time":1557509024,"message":"Successfully created WP Post. ID =>3383"}
{"time":1557509025,"message":"Successfully created WP Post. ID =>3384"}
{"time":1557509026,"message":"Timeout. Add cron task."}
{"time":1557509026,"message":"Script exit. Cause: End start function"}
{"time":1557509101,"message":"Start trying sync products."}
{"time":1557509102,"message":"Successfully updated WP Post. ID =>3384"}
{"time":1557509103,"message":"Successfully created WP Post. ID =>3385"}
{"time":1557509104,"message":"Successfully created WP Post. ID =>3386"}
{"time":1557509105,"message":"Successfully created WP Post. ID =>3387"}
{"time":1557509106,"message":"Successfully created WP Post. ID =>3388"}
{"time":1557509107,"message":"Successfully created WP Post. ID =>3389"}
{"time":1557509109,"message":"Successfully created WP Post. ID =>3390"}
{"time":1557509111,"message":"Successfully created WP Post. ID =>3391"}
{"time":1557509114,"message":"Successfully created WP Post. ID =>3392"}
{"time":1557509115,"message":"Successfully created WP Post. ID =>3393"}
{"time":1557509116,"message":"Successfully created WP Post. ID =>3394"}
{"time":1557509117,"message":"Successfully created WP Post. ID =>3395"}
{"time":1557509118,"message":"Successfully created WP Post. ID =>3396"}
{"time":1557509119,"message":"Successfully created WP Post. ID =>3397"}
{"time":1557509120,"message":"Successfully created WP Post. ID =>3398"}
{"time":1557509121,"message":"Successfully created WP Post. ID =>3399"}
{"time":1557509122,"message":"Successfully created WP Post. ID =>3400"}
{"time":1557509123,"message":"Successfully created WP Post. ID =>3401"}
{"time":1557509124,"message":"Successfully created WP Post. ID =>3402"}
{"time":1557509124,"message":"Successfully created WP Post. ID =>3403"}
{"time":1557509126,"message":"Successfully created WP Post. ID =>3404"}
{"time":1557509126,"message":"Successfully created WP Post. ID =>3405"}
{"time":1557509127,"message":"Successfully created WP Post. ID =>3406"}
{"time":1557509128,"message":"Successfully created WP Post. ID =>3407"}
{"time":1557509129,"message":"Successfully created WP Post. ID =>3408"}
{"time":1557509130,"message":"Successfully created WP Post. ID =>3409"}
{"time":1557509131,"message":"Successfully created WP Post. ID =>3410"}
{"time":1557509132,"message":"Successfully created WP Post. ID =>3411"}
{"time":1557509133,"message":"Successfully created WP Post. ID =>3412"}
{"time":1557509134,"message":"Successfully created WP Post. ID =>3413"}
{"time":1557509134,"message":"Successfully created WP Post. ID =>3414"}
{"time":1557509135,"message":"Successfully created WP Post. ID =>3415"}
{"time":1557509136,"message":"Successfully created WP Post. ID =>3416"}
{"time":1557509139,"message":"Successfully created WP Post. ID =>3419"}
{"time":1557509140,"message":"Successfully created WP Post. ID =>3420"}
{"time":1557509141,"message":"Successfully created WP Post. ID =>3421"}
{"time":1557509141,"message":"Successfully created WP Post. ID =>3422"}
{"time":1557509142,"message":"Successfully created WP Post. ID =>3423"}
{"time":1557509143,"message":"Successfully created WP Post. ID =>3424"}
{"time":1557509144,"message":"Successfully created WP Post. ID =>3425"}
{"time":1557509145,"message":"Successfully created WP Post. ID =>3426"}
{"time":1557509146,"message":"Successfully created WP Post. ID =>3427"}
{"time":1557509147,"message":"Successfully created WP Post. ID =>3428"}
{"time":1557509163,"message":"Successfully created WP Post. ID =>3429"}
{"time":1557509164,"message":"Successfully created WP Post. ID =>3430"}
{"time":1557509165,"message":"Successfully created WP Post. ID =>3431"}
{"time":1557509166,"message":"Successfully created WP Post. ID =>3432"}
{"time":1557509167,"message":"Successfully created WP Post. ID =>3433"}
{"time":1557509167,"message":"Successfully created WP Post. ID =>3434"}
{"time":1557509168,"message":"Successfully created WP Post. ID =>3435"}
{"time":1557509175,"message":"Successfully created WP Post. ID =>3436"}
{"time":1557509176,"message":"Successfully created WP Post. ID =>3437"}
{"time":1557509178,"message":"Successfully created WP Post. ID =>3438"}
{"time":1557509178,"message":"Successfully created WP Post. ID =>3439"}
{"time":1557509179,"message":"Successfully created WP Post. ID =>3440"}
{"time":1557509180,"message":"Successfully created WP Post. ID =>3441"}
{"time":1557509181,"message":"Successfully created WP Post. ID =>3442"}
{"time":1557509182,"message":"Successfully created WP Post. ID =>3443"}
{"time":1557509183,"message":"Successfully created WP Post. ID =>3444"}
{"time":1557509184,"message":"Successfully created WP Post. ID =>3445"}
{"time":1557509185,"message":"Successfully created WP Post. ID =>3446"}
{"time":1557509186,"message":"Successfully created WP Post. ID =>3447"}
{"time":1557509187,"message":"Successfully created WP Post. ID =>3448"}
{"time":1557509189,"message":"Successfully created WP Post. ID =>3449"}
{"time":1557509190,"message":"Successfully created WP Post. ID =>3450"}
{"time":1557509191,"message":"Successfully created WP Post. ID =>3451"}
{"time":1557509191,"message":"Successfully created WP Post. ID =>3452"}
{"time":1557509192,"message":"Successfully created WP Post. ID =>3453"}
{"time":1557509193,"message":"Successfully created WP Post. ID =>3454"}
{"time":1557509194,"message":"Successfully created WP Post. ID =>3455"}
{"time":1557509195,"message":"Successfully created WP Post. ID =>3456"}
{"time":1557509196,"message":"Successfully created WP Post. ID =>3457"}
{"time":1557509197,"message":"Successfully created WP Post. ID =>3458"}
{"time":1557509199,"message":"Successfully created WP Post. ID =>3459"}
{"time":1557509200,"message":"Successfully created WP Post. ID =>3460"}
{"time":1557509201,"message":"Successfully created WP Post. ID =>3461"}
{"time":1557509201,"message":"Successfully created WP Post. ID =>3462"}
{"time":1557509202,"message":"Successfully created WP Post. ID =>3463"}
{"time":1557509203,"message":"Successfully created WP Post. ID =>3464"}
{"time":1557509204,"message":"Successfully created WP Post. ID =>3465"}
{"time":1557509205,"message":"Successfully created WP Post. ID =>3466"}
{"time":1557509206,"message":"Successfully created WP Post. ID =>3467"}
{"time":1557509206,"message":"Successfully created WP Post. ID =>3468"}
{"time":1557509207,"message":"Successfully created WP Post. ID =>3469"}
{"time":1557509208,"message":"Successfully created WP Post. ID =>3470"}
{"time":1557509209,"message":"Successfully created WP Post. ID =>3471"}
{"time":1557509210,"message":"Successfully created WP Post. ID =>3472"}
{"time":1557509211,"message":"Successfully created WP Post. ID =>3473"}
{"time":1557509227,"message":"Successfully created WP Post. ID =>3474"}
{"time":1557509227,"message":"Successfully created WP Post. ID =>3475"}
{"time":1557509228,"message":"Successfully created WP Post. ID =>3476"}
{"time":1557509229,"message":"Successfully created WP Post. ID =>3477"}
{"time":1557509230,"message":"Successfully created WP Post. ID =>3478"}
{"time":1557509231,"message":"Successfully created WP Post. ID =>3479"}
{"time":1557509232,"message":"Successfully created WP Post. ID =>3480"}
{"time":1557509238,"message":"Successfully created WP Post. ID =>3481"}
{"time":1557509239,"message":"Successfully created WP Post. ID =>3482"}
{"time":1557509240,"message":"Successfully created WP Post. ID =>3483"}
{"time":1557509240,"message":"Successfully created WP Post. ID =>3484"}
{"time":1557509242,"message":"Successfully created WP Post. ID =>3485"}
{"time":1557509243,"message":"Successfully created WP Post. ID =>3486"}
{"time":1557509243,"message":"Successfully created WP Post. ID =>3487"}
{"time":1557509244,"message":"Successfully created WP Post. ID =>3488"}
{"time":1557509245,"message":"Successfully created WP Post. ID =>3489"}
{"time":1557509246,"message":"Successfully created WP Post. ID =>3490"}
{"time":1557509247,"message":"Successfully created WP Post. ID =>3491"}
{"time":1557509248,"message":"Successfully created WP Post. ID =>3492"}
{"time":1557509249,"message":"Successfully created WP Post. ID =>3493"}
{"time":1557509250,"message":"Successfully created WP Post. ID =>3494"}
{"time":1557509251,"message":"Successfully created WP Post. ID =>3495"}
{"time":1557509252,"message":"Successfully created WP Post. ID =>3496"}
{"time":1557509253,"message":"Successfully created WP Post. ID =>3497"}
{"time":1557509254,"message":"Successfully created WP Post. ID =>3498"}
{"time":1557509255,"message":"Successfully created WP Post. ID =>3499"}
{"time":1557509256,"message":"Successfully created WP Post. ID =>3500"}
{"time":1557509257,"message":"Successfully created WP Post. ID =>3501"}
{"time":1557509258,"message":"Successfully created WP Post. ID =>3502"}
{"time":1557509259,"message":"Successfully created WP Post. ID =>3503"}
{"time":1557509260,"message":"Successfully created WP Post. ID =>3504"}
{"time":1557509261,"message":"Successfully created WP Post. ID =>3505"}
{"time":1557509262,"message":"Successfully created WP Post. ID =>3506"}
{"time":1557509262,"message":"Successfully created WP Post. ID =>3507"}
{"time":1557509264,"message":"Successfully created WP Post. ID =>3508"}
{"time":1557509266,"message":"Successfully created WP Post. ID =>3509"}
{"time":1557509267,"message":"Successfully created WP Post. ID =>3510"}
{"time":1557509268,"message":"Successfully created WP Post. ID =>3511"}
{"time":1557509270,"message":"Successfully created WP Post. ID =>3512"}
{"time":1557509271,"message":"Successfully created WP Post. ID =>3513"}
{"time":1557509273,"message":"Successfully created WP Post. ID =>3514"}
{"time":1557509274,"message":"Successfully created WP Post. ID =>3515"}
{"time":1557509275,"message":"Successfully created WP Post. ID =>3516"}
{"time":1557509282,"message":"Successfully created WP Post. ID =>3517"}
{"time":1557509285,"message":"Successfully created WP Post. ID =>3518"}
{"time":1557509285,"message":"Successfully created WP Post. ID =>3519"}
{"time":1557509291,"message":"Successfully created WP Post. ID =>3520"}
{"time":1557509292,"message":"Successfully created WP Post. ID =>3521"}
{"time":1557509294,"message":"Successfully created WP Post. ID =>3522"}
{"time":1557509295,"message":"Successfully created WP Post. ID =>3523"}
{"time":1557509296,"message":"Successfully created WP Post. ID =>3524"}
{"time":1557509297,"message":"Successfully created WP Post. ID =>3525"}
{"time":1557509298,"message":"Successfully created WP Post. ID =>3526"}
{"time":1557509300,"message":"Successfully created WP Post. ID =>3527"}
{"time":1557509302,"message":"Successfully created WP Post. ID =>3528"}
{"time":1557509303,"message":"Successfully created WP Post. ID =>3529"}
{"time":1557509304,"message":"Successfully created WP Post. ID =>3530"}
{"time":1557509305,"message":"Successfully created WP Post. ID =>3531"}
{"time":1557509306,"message":"Successfully created WP Post. ID =>3532"}
{"time":1557509307,"message":"Successfully created WP Post. ID =>3533"}
{"time":1557509308,"message":"Successfully created WP Post. ID =>3534"}
{"time":1557509308,"message":"Successfully created WP Post. ID =>3535"}
{"time":1557509309,"message":"Successfully created WP Post. ID =>3536"}
{"time":1557509310,"message":"Successfully created WP Post. ID =>3537"}
{"time":1557509311,"message":"Successfully created WP Post. ID =>3538"}
{"time":1557509312,"message":"Successfully created WP Post. ID =>3539"}
{"time":1557509314,"message":"Successfully created WP Post. ID =>3540"}
{"time":1557509314,"message":"Successfully created WP Post. ID =>3541"}
{"time":1557509315,"message":"Successfully created WP Post. ID =>3542"}
{"time":1557509316,"message":"Successfully created WP Post. ID =>3543"}
{"time":1557509318,"message":"Successfully created WP Post. ID =>3544"}
{"time":1557509319,"message":"Successfully created WP Post. ID =>3545"}
{"time":1557509320,"message":"Successfully created WP Post. ID =>3546"}
{"time":1557509321,"message":"Successfully created WP Post. ID =>3547"}
{"time":1557509322,"message":"Successfully created WP Post. ID =>3548"}
{"time":1557509323,"message":"Successfully created WP Post. ID =>3549"}
{"time":1557509323,"message":"Successfully created WP Post. ID =>3550"}
{"time":1557509324,"message":"Successfully created WP Post. ID =>3551"}
{"time":1557509325,"message":"Successfully created WP Post. ID =>3552"}
{"time":1557509326,"message":"Successfully created WP Post. ID =>3553"}
{"time":1557509327,"message":"Successfully created WP Post. ID =>3554"}
{"time":1557509328,"message":"Successfully created WP Post. ID =>3555"}
{"time":1557509329,"message":"Successfully created WP Post. ID =>3556"}
{"time":1557509330,"message":"Successfully created WP Post. ID =>3557"}
{"time":1557509336,"message":"Successfully created WP Post. ID =>3558"}
{"time":1557509337,"message":"Successfully created WP Post. ID =>3559"}
{"time":1557509338,"message":"Successfully created WP Post. ID =>3560"}
{"time":1557509339,"message":"Successfully created WP Post. ID =>3561"}
{"time":1557509345,"message":"Successfully created WP Post. ID =>3562"}
{"time":1557509346,"message":"Successfully created WP Post. ID =>3563"}
{"time":1557509348,"message":"Successfully created WP Post. ID =>3564"}
{"time":1557509354,"message":"Successfully created WP Post. ID =>3565"}
{"time":1557509355,"message":"Successfully created WP Post. ID =>3566"}
{"time":1557509356,"message":"Successfully created WP Post. ID =>3567"}
{"time":1557509357,"message":"Successfully created WP Post. ID =>3568"}
{"time":1557509358,"message":"Successfully created WP Post. ID =>3569"}
{"time":1557509359,"message":"Successfully created WP Post. ID =>3570"}
{"time":1557509360,"message":"Successfully created WP Post. ID =>3571"}
{"time":1557509360,"message":"Successfully created WP Post. ID =>3572"}
{"time":1557509366,"message":"Successfully created WP Post. ID =>3573"}
{"time":1557509367,"message":"Successfully created WP Post. ID =>3574"}
{"time":1557509368,"message":"Successfully created WP Post. ID =>3575"}
{"time":1557509369,"message":"Successfully created WP Post. ID =>3576"}
{"time":1557509370,"message":"Successfully created WP Post. ID =>3577"}
{"time":1557509371,"message":"Successfully created WP Post. ID =>3578"}
{"time":1557509372,"message":"Successfully created WP Post. ID =>3579"}
{"time":1557509373,"message":"Successfully created WP Post. ID =>3580"}
{"time":1557509374,"message":"Successfully created WP Post. ID =>3581"}
{"time":1557509376,"message":"Successfully created WP Post. ID =>3582"}
{"time":1557509377,"message":"Successfully created WP Post. ID =>3583"}
{"time":1557509377,"message":"Successfully created WP Post. ID =>3584"}
{"time":1557509378,"message":"Successfully created WP Post. ID =>3585"}
{"time":1557509380,"message":"Successfully created WP Post. ID =>3586"}
{"time":1557509381,"message":"Successfully created WP Post. ID =>3587"}
{"time":1557509381,"message":"Successfully created WP Post. ID =>3588"}
{"time":1557509382,"message":"Successfully created WP Post. ID =>3589"}
{"time":1557509383,"message":"Successfully created WP Post. ID =>3590"}
{"time":1557509384,"message":"Successfully created WP Post. ID =>3591"}
{"time":1557509385,"message":"Successfully created WP Post. ID =>3592"}
{"time":1557509386,"message":"Successfully created WP Post. ID =>3593"}
{"time":1557509387,"message":"Successfully created WP Post. ID =>3594"}
{"time":1557509388,"message":"Successfully created WP Post. ID =>3595"}
{"time":1557509389,"message":"Successfully created WP Post. ID =>3596"}
{"time":1557509390,"message":"Successfully created WP Post. ID =>3597"}
{"time":1557509391,"message":"Successfully created WP Post. ID =>3598"}
{"time":1557509392,"message":"Successfully created WP Post. ID =>3599"}
{"time":1557509393,"message":"Successfully created WP Post. ID =>3600"}
{"time":1557509394,"message":"Successfully created WP Post. ID =>3601"}
{"time":1557509394,"message":"Successfully created WP Post. ID =>3602"}
{"time":1557509395,"message":"Successfully created WP Post. ID =>3603"}
{"time":1557509402,"message":"Successfully created WP Post. ID =>3604"}
{"time":1557509403,"message":"Successfully created WP Post. ID =>3605"}
{"time":1557509404,"message":"Successfully created WP Post. ID =>3606"}
{"time":1557509405,"message":"Successfully created WP Post. ID =>3607"}
{"time":1557509406,"message":"Successfully created WP Post. ID =>3608"}
{"time":1557509414,"message":"Successfully created WP Post. ID =>3609"}
{"time":1557509416,"message":"Successfully created WP Post. ID =>3610"}
{"time":1557509418,"message":"Successfully created WP Post. ID =>3611"}
{"time":1557509419,"message":"Successfully created WP Post. ID =>3612"}
{"time":1557509420,"message":"Successfully created WP Post. ID =>3613"}
{"time":1557509421,"message":"Successfully created WP Post. ID =>3614"}
{"time":1557509422,"message":"Successfully created WP Post. ID =>3615"}
{"time":1557509423,"message":"Successfully created WP Post. ID =>3616"}
{"time":1557509424,"message":"Successfully created WP Post. ID =>3617"}
{"time":1557509425,"message":"Successfully created WP Post. ID =>3618"}
{"time":1557509430,"message":"Successfully created WP Post. ID =>3619"}
{"time":1557509431,"message":"Successfully created WP Post. ID =>3620"}
{"time":1557509432,"message":"Successfully created WP Post. ID =>3621"}
{"time":1557509433,"message":"Successfully created WP Post. ID =>3622"}
{"time":1557509434,"message":"Successfully created WP Post. ID =>3623"}
{"time":1557509435,"message":"Timeout. Add cron task."}
{"time":1557509435,"message":"Script exit. Cause: End start function"}
{"time":1557509538,"message":"Start trying sync products."}
{"time":1557509539,"message":"Successfully updated WP Post. ID =>3623"}
{"time":1557509539,"message":"Successfully created WP Post. ID =>3624"}
{"time":1557509540,"message":"Successfully created WP Post. ID =>3625"}
{"time":1557509541,"message":"Successfully created WP Post. ID =>3626"}
{"time":1557509542,"message":"Successfully created WP Post. ID =>3627"}
{"time":1557509543,"message":"Successfully created WP Post. ID =>3628"}
{"time":1557509544,"message":"Successfully created WP Post. ID =>3629"}
{"time":1557509544,"message":"Successfully created WP Post. ID =>3630"}
{"time":1557509545,"message":"Successfully created WP Post. ID =>3631"}
{"time":1557509546,"message":"Successfully created WP Post. ID =>3632"}
{"time":1557509547,"message":"Successfully created WP Post. ID =>3633"}
{"time":1557509548,"message":"Successfully created WP Post. ID =>3634"}
{"time":1557509549,"message":"Successfully created WP Post. ID =>3635"}
{"time":1557509549,"message":"Successfully created WP Post. ID =>3636"}
{"time":1557509550,"message":"Successfully created WP Post. ID =>3637"}
{"time":1557509551,"message":"Successfully created WP Post. ID =>3638"}
{"time":1557509552,"message":"Successfully created WP Post. ID =>3639"}
{"time":1557509553,"message":"Successfully created WP Post. ID =>3640"}
{"time":1557509554,"message":"Successfully created WP Post. ID =>3641"}
{"time":1557509555,"message":"Successfully created WP Post. ID =>3642"}
{"time":1557509555,"message":"Successfully created WP Post. ID =>3643"}
{"time":1557509556,"message":"Successfully created WP Post. ID =>3644"}
{"time":1557509557,"message":"Successfully created WP Post. ID =>3645"}
{"time":1557509558,"message":"Successfully created WP Post. ID =>3646"}
{"time":1557509559,"message":"Successfully created WP Post. ID =>3647"}
{"time":1557509559,"message":"Successfully created WP Post. ID =>3648"}
{"time":1557509560,"message":"Successfully created WP Post. ID =>3649"}
{"time":1557509561,"message":"Successfully created WP Post. ID =>3650"}
{"time":1557509562,"message":"Successfully created WP Post. ID =>3651"}
{"time":1557509563,"message":"Successfully created WP Post. ID =>3652"}
{"time":1557509564,"message":"Successfully created WP Post. ID =>3653"}
{"time":1557509565,"message":"Successfully created WP Post. ID =>3654"}
{"time":1557509565,"message":"Successfully created WP Post. ID =>3655"}
{"time":1557509566,"message":"Successfully created WP Post. ID =>3656"}
{"time":1557509567,"message":"Successfully created WP Post. ID =>3657"}
{"time":1557509568,"message":"Successfully created WP Post. ID =>3658"}
{"time":1557509569,"message":"Successfully created WP Post. ID =>3659"}
{"time":1557509570,"message":"Successfully created WP Post. ID =>3660"}
{"time":1557509571,"message":"Successfully created WP Post. ID =>3661"}
{"time":1557509571,"message":"Successfully created WP Post. ID =>3662"}
{"time":1557509572,"message":"Successfully created WP Post. ID =>3663"}
{"time":1557509574,"message":"Successfully created WP Post. ID =>3664"}
{"time":1557509574,"message":"Successfully created WP Post. ID =>3665"}
{"time":1557509576,"message":"Successfully created WP Post. ID =>3666"}
{"time":1557509577,"message":"Successfully created WP Post. ID =>3667"}
{"time":1557509604,"message":"Successfully created WP Post. ID =>3668"}
{"time":1557509605,"message":"Successfully created WP Post. ID =>3669"}
{"time":1557509606,"message":"Successfully created WP Post. ID =>3670"}
{"time":1557509607,"message":"Successfully created WP Post. ID =>3671"}
{"time":1557509608,"message":"Successfully created WP Post. ID =>3672"}
{"time":1557509608,"message":"Successfully created WP Post. ID =>3673"}
{"time":1557509609,"message":"Successfully created WP Post. ID =>3674"}
{"time":1557509610,"message":"Successfully created WP Post. ID =>3675"}
{"time":1557509611,"message":"Successfully created WP Post. ID =>3676"}
{"time":1557509612,"message":"Successfully created WP Post. ID =>3677"}
{"time":1557509613,"message":"Successfully created WP Post. ID =>3678"}
{"time":1557509613,"message":"Successfully created WP Post. ID =>3679"}
{"time":1557509614,"message":"Successfully created WP Post. ID =>3680"}
{"time":1557509615,"message":"Successfully created WP Post. ID =>3681"}
{"time":1557509616,"message":"Successfully created WP Post. ID =>3682"}
{"time":1557509617,"message":"Successfully created WP Post. ID =>3683"}
{"time":1557509618,"message":"Successfully created WP Post. ID =>3684"}
{"time":1557509618,"message":"Successfully created WP Post. ID =>3685"}
{"time":1557509619,"message":"Successfully created WP Post. ID =>3686"}
{"time":1557509620,"message":"Successfully created WP Post. ID =>3687"}
{"time":1557509621,"message":"Successfully created WP Post. ID =>3688"}
{"time":1557509622,"message":"Successfully created WP Post. ID =>3689"}
{"time":1557509623,"message":"Successfully created WP Post. ID =>3690"}
{"time":1557509623,"message":"Successfully created WP Post. ID =>3691"}
{"time":1557509624,"message":"Successfully created WP Post. ID =>3692"}
{"time":1557509625,"message":"Successfully created WP Post. ID =>3693"}
{"time":1557509626,"message":"Successfully created WP Post. ID =>3694"}
{"time":1557509627,"message":"Successfully created WP Post. ID =>3695"}
{"time":1557509628,"message":"Successfully created WP Post. ID =>3696"}
{"time":1557509628,"message":"Successfully created WP Post. ID =>3697"}
{"time":1557509629,"message":"Successfully created WP Post. ID =>3698"}
{"time":1557509631,"message":"Successfully created WP Post. ID =>3700"}
{"time":1557509632,"message":"Successfully created WP Post. ID =>3701"}
{"time":1557509633,"message":"Successfully created WP Post. ID =>3702"}
{"time":1557509635,"message":"Successfully created WP Post. ID =>3703"}
{"time":1557509635,"message":"Successfully created WP Post. ID =>3704"}
{"time":1557509636,"message":"Successfully created WP Post. ID =>3705"}
{"time":1557509637,"message":"Successfully created WP Post. ID =>3706"}
{"time":1557509638,"message":"Successfully created WP Post. ID =>3707"}
{"time":1557509639,"message":"Successfully created WP Post. ID =>3708"}
{"time":1557509640,"message":"Successfully created WP Post. ID =>3709"}
{"time":1557509641,"message":"Successfully created WP Post. ID =>3710"}
{"time":1557509642,"message":"Successfully created WP Post. ID =>3711"}
{"time":1557509642,"message":"Successfully created WP Post. ID =>3712"}
{"time":1557509668,"message":"Successfully created WP Post. ID =>3713"}
{"time":1557509669,"message":"Successfully created WP Post. ID =>3714"}
{"time":1557509670,"message":"Successfully created WP Post. ID =>3715"}
{"time":1557509671,"message":"Successfully created WP Post. ID =>3716"}
{"time":1557509672,"message":"Successfully created WP Post. ID =>3717"}
{"time":1557509672,"message":"Successfully created WP Post. ID =>3718"}
{"time":1557509673,"message":"Successfully created WP Post. ID =>3719"}
{"time":1557509674,"message":"Successfully created WP Post. ID =>3720"}
{"time":1557509676,"message":"Successfully created WP Post. ID =>3721"}
{"time":1557509677,"message":"Successfully created WP Post. ID =>3722"}
{"time":1557509678,"message":"Successfully created WP Post. ID =>3723"}
{"time":1557509679,"message":"Successfully created WP Post. ID =>3724"}
{"time":1557509679,"message":"Successfully created WP Post. ID =>3725"}
{"time":1557509680,"message":"Successfully created WP Post. ID =>3726"}
{"time":1557509681,"message":"Successfully created WP Post. ID =>3727"}
{"time":1557509682,"message":"Successfully created WP Post. ID =>3728"}
{"time":1557509683,"message":"Successfully created WP Post. ID =>3729"}
{"time":1557509683,"message":"Successfully created WP Post. ID =>3730"}
{"time":1557509684,"message":"Successfully created WP Post. ID =>3731"}
{"time":1557509685,"message":"Successfully created WP Post. ID =>3732"}
{"time":1557509686,"message":"Successfully created WP Post. ID =>3733"}
{"time":1557509687,"message":"Successfully created WP Post. ID =>3734"}
{"time":1557509687,"message":"Successfully created WP Post. ID =>3735"}
{"time":1557509688,"message":"Successfully created WP Post. ID =>3736"}
{"time":1557509689,"message":"Successfully created WP Post. ID =>3737"}
{"time":1557509690,"message":"Successfully created WP Post. ID =>3738"}
{"time":1557509691,"message":"Successfully created WP Post. ID =>3739"}
{"time":1557509692,"message":"Successfully created WP Post. ID =>3740"}
{"time":1557509694,"message":"Successfully created WP Post. ID =>3741"}
{"time":1557509700,"message":"Successfully created WP Post. ID =>3742"}
{"time":1557509702,"message":"Successfully created WP Post. ID =>3743"}
{"time":1557509704,"message":"Successfully created WP Post. ID =>3744"}
{"time":1557509706,"message":"Successfully created WP Post. ID =>3745"}
{"time":1557509708,"message":"Successfully created WP Post. ID =>3746"}
{"time":1557509710,"message":"Successfully created WP Post. ID =>3747"}
{"time":1557509712,"message":"Successfully created WP Post. ID =>3748"}
{"time":1557509715,"message":"Successfully created WP Post. ID =>3749"}
{"time":1557509718,"message":"Successfully created WP Post. ID =>3750"}
{"time":1557509722,"message":"Successfully created WP Post. ID =>3751"}
{"time":1557509726,"message":"Successfully created WP Post. ID =>3752"}
{"time":1557509729,"message":"Successfully created WP Post. ID =>3753"}
{"time":1557509731,"message":"Successfully created WP Post. ID =>3754"}
{"time":1557509734,"message":"Successfully created WP Post. ID =>3755"}
{"time":1557509737,"message":"Successfully created WP Post. ID =>3756"}
{"time":1557509739,"message":"Successfully created WP Post. ID =>3757"}
{"time":1557509742,"message":"Successfully created WP Post. ID =>3758"}
{"time":1557509745,"message":"Successfully created WP Post. ID =>3759"}
{"time":1557509746,"message":"Successfully created WP Post. ID =>3760"}
{"time":1557509749,"message":"Successfully created WP Post. ID =>3761"}
{"time":1557509752,"message":"Successfully created WP Post. ID =>3762"}
{"time":1557509755,"message":"Successfully created WP Post. ID =>3763"}
{"time":1557509758,"message":"Successfully created WP Post. ID =>3764"}
{"time":1557509761,"message":"Successfully created WP Post. ID =>3765"}
{"time":1557509763,"message":"Successfully created WP Post. ID =>3766"}
{"time":1557509766,"message":"Successfully created WP Post. ID =>3767"}
{"time":1557509767,"message":"Successfully created WP Post. ID =>3768"}
{"time":1557509769,"message":"Successfully created WP Post. ID =>3769"}
{"time":1557509770,"message":"Successfully created WP Post. ID =>3770"}
{"time":1557509772,"message":"Successfully created WP Post. ID =>3771"}
{"time":1557509774,"message":"Successfully created WP Post. ID =>3772"}
{"time":1557509775,"message":"Successfully created WP Post. ID =>3773"}
{"time":1557509777,"message":"Successfully created WP Post. ID =>3774"}
{"time":1557509779,"message":"Successfully created WP Post. ID =>3775"}
{"time":1557509781,"message":"Successfully created WP Post. ID =>3776"}
{"time":1557509782,"message":"Successfully created WP Post. ID =>3777"}
{"time":1557509784,"message":"Successfully created WP Post. ID =>3778"}
{"time":1557509785,"message":"Successfully created WP Post. ID =>3779"}
{"time":1557509786,"message":"Successfully created WP Post. ID =>3780"}
{"time":1557509790,"message":"Successfully created WP Post. ID =>3782"}
{"time":1557509791,"message":"Successfully created WP Post. ID =>3783"}
{"time":1557509792,"message":"Successfully created WP Post. ID =>3784"}
{"time":1557509794,"message":"Successfully created WP Post. ID =>3785"}
{"time":1557509795,"message":"Successfully created WP Post. ID =>3786"}
{"time":1557509796,"message":"Successfully created WP Post. ID =>3787"}
{"time":1557509798,"message":"Successfully created WP Post. ID =>3788"}
{"time":1557509800,"message":"Successfully created WP Post. ID =>3789"}
{"time":1557509802,"message":"Successfully created WP Post. ID =>3790"}
{"time":1557509803,"message":"Successfully created WP Post. ID =>3791"}
{"time":1557509805,"message":"Successfully created WP Post. ID =>3792"}
{"time":1557509807,"message":"Successfully created WP Post. ID =>3793"}
{"time":1557509808,"message":"Successfully created WP Post. ID =>3794"}
{"time":1557509810,"message":"Successfully created WP Post. ID =>3795"}
{"time":1557509811,"message":"Successfully created WP Post. ID =>3796"}
{"time":1557509813,"message":"Successfully created WP Post. ID =>3797"}
{"time":1557509814,"message":"Successfully created WP Post. ID =>3798"}
{"time":1557509816,"message":"Successfully created WP Post. ID =>3799"}
{"time":1557509817,"message":"Successfully created WP Post. ID =>3800"}
{"time":1557509818,"message":"Successfully created WP Post. ID =>3801"}
{"time":1557509820,"message":"Successfully created WP Post. ID =>3802"}
{"time":1557509821,"message":"Successfully created WP Post. ID =>3803"}
{"time":1557509823,"message":"Successfully created WP Post. ID =>3804"}
{"time":1557509824,"message":"Successfully created WP Post. ID =>3805"}
{"time":1557509826,"message":"Successfully created WP Post. ID =>3806"}
{"time":1557509833,"message":"Successfully created WP Post. ID =>3807"}
{"time":1557509835,"message":"Successfully created WP Post. ID =>3808"}
{"time":1557509836,"message":"Successfully created WP Post. ID =>3809"}
{"time":1557509838,"message":"Successfully created WP Post. ID =>3810"}
{"time":1557509839,"message":"Successfully created WP Post. ID =>3811"}
{"time":1557509842,"message":"Successfully created WP Post. ID =>3813"}
{"time":1557509844,"message":"Successfully created WP Post. ID =>3814"}
{"time":1557509846,"message":"Successfully created WP Post. ID =>3815"}
{"time":1557509847,"message":"Successfully created WP Post. ID =>3816"}
{"time":1557509848,"message":"Successfully created WP Post. ID =>3817"}
{"time":1557509849,"message":"Successfully created WP Post. ID =>3818"}
{"time":1557509850,"message":"Successfully created WP Post. ID =>3819"}
{"time":1557509850,"message":"Successfully created WP Post. ID =>3820"}
{"time":1557509851,"message":"Successfully created WP Post. ID =>3821"}
{"time":1557509852,"message":"Successfully created WP Post. ID =>3822"}
{"time":1557509853,"message":"Successfully created WP Post. ID =>3823"}
{"time":1557509854,"message":"Successfully created WP Post. ID =>3824"}
{"time":1557509855,"message":"Successfully created WP Post. ID =>3825"}
{"time":1557509855,"message":"Successfully created WP Post. ID =>3826"}
{"time":1557509856,"message":"Successfully created WP Post. ID =>3827"}
{"time":1557509857,"message":"Successfully created WP Post. ID =>3828"}
{"time":1557509858,"message":"Successfully created WP Post. ID =>3829"}
{"time":1557509859,"message":"Successfully created WP Post. ID =>3830"}
{"time":1557509859,"message":"Successfully created WP Post. ID =>3831"}
{"time":1557509860,"message":"Successfully created WP Post. ID =>3832"}
{"time":1557509861,"message":"Successfully created WP Post. ID =>3833"}
{"time":1557509862,"message":"Successfully created WP Post. ID =>3834"}
{"time":1557509863,"message":"Successfully created WP Post. ID =>3835"}
{"time":1557509864,"message":"Successfully created WP Post. ID =>3836"}
{"time":1557509865,"message":"Successfully created WP Post. ID =>3837"}
{"time":1557509871,"message":"Successfully created WP Post. ID =>3838"}
{"time":1557509872,"message":"Successfully created WP Post. ID =>3839"}
{"time":1557509872,"message":"Timeout. Add cron task."}
{"time":1557509873,"message":"Script exit. Cause: End start function"}
{"time":1557509943,"message":"Start trying sync products."}
{"time":1557509944,"message":"Successfully updated WP Post. ID =>3839"}
{"time":1557509945,"message":"Successfully created WP Post. ID =>3840"}
{"time":1557509946,"message":"Successfully created WP Post. ID =>3841"}
{"time":1557509947,"message":"Successfully created WP Post. ID =>3842"}
{"time":1557509948,"message":"Successfully created WP Post. ID =>3843"}
{"time":1557509948,"message":"Successfully created WP Post. ID =>3844"}
{"time":1557509949,"message":"Successfully created WP Post. ID =>3845"}
{"time":1557509950,"message":"Successfully created WP Post. ID =>3846"}
{"time":1557509951,"message":"Successfully created WP Post. ID =>3847"}
{"time":1557509952,"message":"Successfully created WP Post. ID =>3848"}
{"time":1557509953,"message":"Successfully created WP Post. ID =>3849"}
{"time":1557509953,"message":"Successfully created WP Post. ID =>3850"}
{"time":1557509954,"message":"Successfully created WP Post. ID =>3851"}
{"time":1557509955,"message":"Successfully created WP Post. ID =>3852"}
{"time":1557509956,"message":"Successfully created WP Post. ID =>3853"}
{"time":1557509957,"message":"Successfully created WP Post. ID =>3854"}
{"time":1557509958,"message":"Successfully created WP Post. ID =>3855"}
{"time":1557509959,"message":"Successfully created WP Post. ID =>3856"}
{"time":1557509960,"message":"Successfully created WP Post. ID =>3857"}
{"time":1557509960,"message":"Successfully created WP Post. ID =>3858"}
{"time":1557509961,"message":"Successfully created WP Post. ID =>3859"}
{"time":1557509962,"message":"Successfully created WP Post. ID =>3860"}
{"time":1557509963,"message":"Successfully created WP Post. ID =>3861"}
{"time":1557509964,"message":"Successfully created WP Post. ID =>3862"}
{"time":1557509964,"message":"Successfully created WP Post. ID =>3863"}
{"time":1557509965,"message":"Successfully created WP Post. ID =>3864"}
{"time":1557509966,"message":"Successfully created WP Post. ID =>3865"}
{"time":1557509967,"message":"Successfully created WP Post. ID =>3866"}
{"time":1557509968,"message":"Successfully created WP Post. ID =>3867"}
{"time":1557509969,"message":"Successfully created WP Post. ID =>3868"}
{"time":1557509969,"message":"Successfully created WP Post. ID =>3869"}
{"time":1557509970,"message":"Successfully created WP Post. ID =>3870"}
{"time":1557509971,"message":"Successfully created WP Post. ID =>3871"}
{"time":1557509972,"message":"Successfully created WP Post. ID =>3872"}
{"time":1557509973,"message":"Successfully created WP Post. ID =>3873"}
{"time":1557509973,"message":"Successfully created WP Post. ID =>3874"}
{"time":1557509974,"message":"Successfully created WP Post. ID =>3875"}
{"time":1557509976,"message":"Successfully created WP Post. ID =>3876"}
{"time":1557509977,"message":"Successfully created WP Post. ID =>3877"}
{"time":1557509978,"message":"Successfully created WP Post. ID =>3878"}
{"time":1557509979,"message":"Successfully created WP Post. ID =>3879"}
{"time":1557509980,"message":"Successfully created WP Post. ID =>3880"}
{"time":1557509981,"message":"Successfully created WP Post. ID =>3881"}
{"time":1557509982,"message":"Successfully created WP Post. ID =>3882"}
{"time":1557509982,"message":"Successfully created WP Post. ID =>3883"}
{"time":1557510011,"message":"Successfully created WP Post. ID =>3884"}
{"time":1557510014,"message":"Successfully created WP Post. ID =>3885"}
{"time":1557510014,"message":"Successfully created WP Post. ID =>3886"}
{"time":1557510016,"message":"Successfully created WP Post. ID =>3887"}
{"time":1557510016,"message":"Successfully created WP Post. ID =>3888"}
{"time":1557510017,"message":"Successfully created WP Post. ID =>3889"}
{"time":1557510018,"message":"Successfully created WP Post. ID =>3890"}
{"time":1557510019,"message":"Successfully created WP Post. ID =>3891"}
{"time":1557510020,"message":"Successfully created WP Post. ID =>3892"}
{"time":1557510021,"message":"Successfully created WP Post. ID =>3893"}
{"time":1557510021,"message":"Successfully created WP Post. ID =>3894"}
{"time":1557510022,"message":"Successfully created WP Post. ID =>3895"}
{"time":1557510023,"message":"Successfully created WP Post. ID =>3896"}
{"time":1557510024,"message":"Successfully created WP Post. ID =>3897"}
{"time":1557510025,"message":"Successfully created WP Post. ID =>3898"}
{"time":1557510026,"message":"Successfully created WP Post. ID =>3899"}
{"time":1557510026,"message":"Successfully created WP Post. ID =>3900"}
{"time":1557510027,"message":"Successfully created WP Post. ID =>3901"}
{"time":1557510028,"message":"Successfully created WP Post. ID =>3902"}
{"time":1557510029,"message":"Successfully created WP Post. ID =>3903"}
{"time":1557510030,"message":"Successfully created WP Post. ID =>3904"}
{"time":1557510031,"message":"Successfully created WP Post. ID =>3905"}
{"time":1557510032,"message":"Successfully created WP Post. ID =>3906"}
{"time":1557510032,"message":"Successfully created WP Post. ID =>3907"}
{"time":1557510033,"message":"Successfully created WP Post. ID =>3908"}
{"time":1557510034,"message":"Successfully created WP Post. ID =>3909"}
{"time":1557510035,"message":"Successfully created WP Post. ID =>3910"}
{"time":1557510036,"message":"Successfully created WP Post. ID =>3911"}
{"time":1557510037,"message":"Successfully created WP Post. ID =>3912"}
{"time":1557510037,"message":"Successfully created WP Post. ID =>3913"}
{"time":1557510038,"message":"Successfully created WP Post. ID =>3914"}
{"time":1557510039,"message":"Successfully created WP Post. ID =>3915"}
{"time":1557510040,"message":"Successfully created WP Post. ID =>3916"}
{"time":1557510041,"message":"Successfully created WP Post. ID =>3917"}
{"time":1557510042,"message":"Successfully created WP Post. ID =>3918"}
{"time":1557510042,"message":"Successfully created WP Post. ID =>3919"}
{"time":1557510043,"message":"Successfully created WP Post. ID =>3920"}
{"time":1557510044,"message":"Successfully created WP Post. ID =>3921"}
{"time":1557510045,"message":"Successfully created WP Post. ID =>3922"}
{"time":1557510046,"message":"Successfully created WP Post. ID =>3923"}
{"time":1557510047,"message":"Successfully created WP Post. ID =>3924"}
{"time":1557510048,"message":"Successfully created WP Post. ID =>3925"}
{"time":1557510048,"message":"Successfully created WP Post. ID =>3926"}
{"time":1557510049,"message":"Script exit. Cause: End start function"}
